
                            < M A T L A B (R) >
                  Copyright 1984-2021 The MathWorks, Inc.
             R2021a Update 4 (9.10.0.1710957) 64-bit (glnxa64)
                                July 1, 2021

 
To get started, type doc.
For product information, visit www.mathworks.com.
 
sortNum1 
Hostgn-0003_59589092 
Starting parallel pool (parpool) using the 'local' profile ...
Connected to the parallel pool (number of workers: 20).
test succeeded
PING d3ag4hukkh62yn.cloudfront.net (108.138.120.209) 56(84) bytes of data.
PING d3ag4hukkh62yn.cloudfront.net (108.138.120.209) 56(84) bytes of data.
PING d3ag4hukkh62yn.cloudfront.net (108.138.120.209) 56(84) bytes of data.
PING d3ag4hukkh62yn.cloudfront.net (108.138.120.209) 56(84) bytes of data.
PING d3ag4hukkh62yn.cloudfront.net (108.138.120.209) 56(84) bytes of data.
PING d3ag4hukkh62yn.cloudfront.net (108.138.120.209) 56(84) bytes of data.
PING d3ag4hukkh62yn.cloudfront.net (108.138.120.209) 56(84) bytes of data.
PING d3ag4hukkh62yn.cloudfront.net (108.138.120.209) 56(84) bytes of data.
PING d3ag4hukkh62yn.cloudfront.net (108.138.120.209) 56(84) bytes of data.
PING d3ag4hukkh62yn.cloudfront.net (108.138.120.209) 56(84) bytes of data.
PING d3ag4hukkh62yn.cloudfront.net (108.138.120.209) 56(84) bytes of data.
PING d3ag4hukkh62yn.cloudfront.net (108.138.120.209) 56(84) bytes of data.
PING d3ag4hukkh62yn.cloudfront.net (108.138.120.209) 56(84) bytes of data.
PING d3ag4hukkh62yn.cloudfront.net (108.138.120.209) 56(84) bytes of data.
PING d3ag4hukkh62yn.cloudfront.net (108.138.120.209) 56(84) bytes of data.
PING d3ag4hukkh62yn.cloudfront.net (108.138.120.209) 56(84) bytes of data.
PING d3ag4hukkh62yn.cloudfront.net (108.138.120.209) 56(84) bytes of data.
PING d3ag4hukkh62yn.cloudfront.net (108.138.120.209) 56(84) bytes of data.
PING d3ag4hukkh62yn.cloudfront.net (108.138.120.209) 56(84) bytes of data.
PING d3ag4hukkh62yn.cloudfront.net (108.138.120.209) 56(84) bytes of data.
64 bytes from server-108-138-120-209.jfk50.r.cloudfront.net (108.138.120.209): icmp_seq=1 ttl=238 time=4.65 ms

--- d3ag4hukkh62yn.cloudfront.net ping statistics ---
1 packets transmitted, 1 received, 0% packet loss, time 0ms
rtt min/avg/max/mdev = 4.658/4.658/4.658/0.000 ms
Variables (index) internally transformed to log coordinates: [5 6 7].
 Iteration    f-count      E[f(x)]        SD[f(x)]           MeshScale          Method          Actions
64 bytes from server-108-138-120-209.jfk50.r.cloudfront.net (108.138.120.209): icmp_seq=1 ttl=238 time=4.64 ms

--- d3ag4hukkh62yn.cloudfront.net ping statistics ---
1 packets transmitted, 1 received, 0% packet loss, time 0ms
rtt min/avg/max/mdev = 4.640/4.640/4.640/0.000 ms
Variables (index) internally transformed to log coordinates: [5 6 7].
 Iteration    f-count      E[f(x)]        SD[f(x)]           MeshScale          Method          Actions
64 bytes from server-108-138-120-209.jfk50.r.cloudfront.net (108.138.120.209): icmp_seq=1 ttl=238 time=4.65 ms

--- d3ag4hukkh62yn.cloudfront.net ping statistics ---
1 packets transmitted, 1 received, 0% packet loss, time 0ms
rtt min/avg/max/mdev = 4.653/4.653/4.653/0.000 ms
Variables (index) internally transformed to log coordinates: [5 6 7].
 Iteration    f-count      E[f(x)]        SD[f(x)]           MeshScale          Method          Actions
64 bytes from server-108-138-120-209.jfk50.r.cloudfront.net (108.138.120.209): icmp_seq=1 ttl=238 time=4.65 ms

--- d3ag4hukkh62yn.cloudfront.net ping statistics ---
1 packets transmitted, 1 received, 0% packet loss, time 0ms
rtt min/avg/max/mdev = 4.653/4.653/4.653/0.000 ms
Variables (index) internally transformed to log coordinates: [5 6 7].
 Iteration    f-count      E[f(x)]        SD[f(x)]           MeshScale          Method          Actions
64 bytes from server-108-138-120-209.jfk50.r.cloudfront.net (108.138.120.209): icmp_seq=1 ttl=238 time=4.64 ms

--- d3ag4hukkh62yn.cloudfront.net ping statistics ---
1 packets transmitted, 1 received, 0% packet loss, time 0ms
rtt min/avg/max/mdev = 4.644/4.644/4.644/0.000 ms
Variables (index) internally transformed to log coordinates: [5 6 7].
 Iteration    f-count      E[f(x)]        SD[f(x)]           MeshScale          Method          Actions
64 bytes from server-108-138-120-209.jfk50.r.cloudfront.net (108.138.120.209): icmp_seq=1 ttl=238 time=4.64 ms

--- d3ag4hukkh62yn.cloudfront.net ping statistics ---
1 packets transmitted, 1 received, 0% packet loss, time 0ms
rtt min/avg/max/mdev = 4.649/4.649/4.649/0.000 ms
Variables (index) internally transformed to log coordinates: [5 6 7].
 Iteration    f-count      E[f(x)]        SD[f(x)]           MeshScale          Method          Actions
64 bytes from server-108-138-120-209.jfk50.r.cloudfront.net (108.138.120.209): icmp_seq=1 ttl=238 time=4.65 ms

--- d3ag4hukkh62yn.cloudfront.net ping statistics ---
1 packets transmitted, 1 received, 0% packet loss, time 0ms
rtt min/avg/max/mdev = 4.659/4.659/4.659/0.000 ms
Variables (index) internally transformed to log coordinates: [5 6 7].
 Iteration    f-count      E[f(x)]        SD[f(x)]           MeshScale          Method          Actions
64 bytes from server-108-138-120-209.jfk50.r.cloudfront.net (108.138.120.209): icmp_seq=1 ttl=238 time=4.63 ms

--- d3ag4hukkh62yn.cloudfront.net ping statistics ---
1 packets transmitted, 1 received, 0% packet loss, time 0ms
rtt min/avg/max/mdev = 4.632/4.632/4.632/0.000 ms
Variables (index) internally transformed to log coordinates: [5 6 7].
 Iteration    f-count      E[f(x)]        SD[f(x)]           MeshScale          Method          Actions
64 bytes from server-108-138-120-209.jfk50.r.cloudfront.net (108.138.120.209): icmp_seq=1 ttl=238 time=4.64 ms

--- d3ag4hukkh62yn.cloudfront.net ping statistics ---
1 packets transmitted, 1 received, 0% packet loss, time 0ms
rtt min/avg/max/mdev = 4.645/4.645/4.645/0.000 ms
Variables (index) internally transformed to log coordinates: [5 6 7].
 Iteration    f-count      E[f(x)]        SD[f(x)]           MeshScale          Method          Actions
64 bytes from server-108-138-120-209.jfk50.r.cloudfront.net (108.138.120.209): icmp_seq=1 ttl=238 time=4.64 ms

--- d3ag4hukkh62yn.cloudfront.net ping statistics ---
1 packets transmitted, 1 received, 0% packet loss, time 0ms
rtt min/avg/max/mdev = 4.649/4.649/4.649/0.000 ms
Variables (index) internally transformed to log coordinates: [5 6 7].
 Iteration    f-count      E[f(x)]        SD[f(x)]           MeshScale          Method          Actions
64 bytes from server-108-138-120-209.jfk50.r.cloudfront.net (108.138.120.209): icmp_seq=1 ttl=238 time=4.66 ms

--- d3ag4hukkh62yn.cloudfront.net ping statistics ---
1 packets transmitted, 1 received, 0% packet loss, time 0ms
rtt min/avg/max/mdev = 4.661/4.661/4.661/0.000 ms
Variables (index) internally transformed to log coordinates: [5 6 7].
 Iteration    f-count      E[f(x)]        SD[f(x)]           MeshScale          Method          Actions
64 bytes from server-108-138-120-209.jfk50.r.cloudfront.net (108.138.120.209): icmp_seq=1 ttl=238 time=4.53 ms

--- d3ag4hukkh62yn.cloudfront.net ping statistics ---
1 packets transmitted, 1 received, 0% packet loss, time 0ms
rtt min/avg/max/mdev = 4.539/4.539/4.539/0.000 ms
Variables (index) internally transformed to log coordinates: [5 6 7].
 Iteration    f-count      E[f(x)]        SD[f(x)]           MeshScale          Method          Actions
64 bytes from server-108-138-120-209.jfk50.r.cloudfront.net (108.138.120.209): icmp_seq=1 ttl=238 time=4.63 ms

--- d3ag4hukkh62yn.cloudfront.net ping statistics ---
1 packets transmitted, 1 received, 0% packet loss, time 0ms
rtt min/avg/max/mdev = 4.636/4.636/4.636/0.000 ms
Variables (index) internally transformed to log coordinates: [5 6 7].
 Iteration    f-count      E[f(x)]        SD[f(x)]           MeshScale          Method          Actions
64 bytes from server-108-138-120-209.jfk50.r.cloudfront.net (108.138.120.209): icmp_seq=1 ttl=238 time=4.45 ms

--- d3ag4hukkh62yn.cloudfront.net ping statistics ---
1 packets transmitted, 1 received, 0% packet loss, time 0ms
rtt min/avg/max/mdev = 4.450/4.450/4.450/0.000 ms
Variables (index) internally transformed to log coordinates: [5 6 7].
 Iteration    f-count      E[f(x)]        SD[f(x)]           MeshScale          Method          Actions
64 bytes from server-108-138-120-209.jfk50.r.cloudfront.net (108.138.120.209): icmp_seq=1 ttl=238 time=4.64 ms

--- d3ag4hukkh62yn.cloudfront.net ping statistics ---
1 packets transmitted, 1 received, 0% packet loss, time 0ms
rtt min/avg/max/mdev = 4.644/4.644/4.644/0.000 ms
Variables (index) internally transformed to log coordinates: [5 6 7].
 Iteration    f-count      E[f(x)]        SD[f(x)]           MeshScale          Method          Actions
64 bytes from server-108-138-120-209.jfk50.r.cloudfront.net (108.138.120.209): icmp_seq=1 ttl=238 time=4.64 ms

--- d3ag4hukkh62yn.cloudfront.net ping statistics ---
1 packets transmitted, 1 received, 0% packet loss, time 0ms
rtt min/avg/max/mdev = 4.644/4.644/4.644/0.000 ms
Variables (index) internally transformed to log coordinates: [5 6 7].
 Iteration    f-count      E[f(x)]        SD[f(x)]           MeshScale          Method          Actions
64 bytes from server-108-138-120-209.jfk50.r.cloudfront.net (108.138.120.209): icmp_seq=1 ttl=238 time=4.62 ms

--- d3ag4hukkh62yn.cloudfront.net ping statistics ---
1 packets transmitted, 1 received, 0% packet loss, time 0ms
rtt min/avg/max/mdev = 4.623/4.623/4.623/0.000 ms
Variables (index) internally transformed to log coordinates: [5 6 7].
 Iteration    f-count      E[f(x)]        SD[f(x)]           MeshScale          Method          Actions
64 bytes from server-108-138-120-209.jfk50.r.cloudfront.net (108.138.120.209): icmp_seq=1 ttl=238 time=4.62 ms

--- d3ag4hukkh62yn.cloudfront.net ping statistics ---
1 packets transmitted, 1 received, 0% packet loss, time 0ms
rtt min/avg/max/mdev = 4.625/4.625/4.625/0.000 ms
Variables (index) internally transformed to log coordinates: [5 6 7].
 Iteration    f-count      E[f(x)]        SD[f(x)]           MeshScale          Method          Actions
64 bytes from server-108-138-120-209.jfk50.r.cloudfront.net (108.138.120.209): icmp_seq=1 ttl=238 time=4.57 ms

--- d3ag4hukkh62yn.cloudfront.net ping statistics ---
1 packets transmitted, 1 received, 0% packet loss, time 0ms
rtt min/avg/max/mdev = 4.575/4.575/4.575/0.000 ms
Variables (index) internally transformed to log coordinates: [5 6 7].
 Iteration    f-count      E[f(x)]        SD[f(x)]           MeshScale          Method          Actions
64 bytes from server-108-138-120-209.jfk50.r.cloudfront.net (108.138.120.209): icmp_seq=1 ttl=238 time=4.66 ms

--- d3ag4hukkh62yn.cloudfront.net ping statistics ---
1 packets transmitted, 1 received, 0% packet loss, time 0ms
rtt min/avg/max/mdev = 4.666/4.666/4.666/0.000 ms
Variables (index) internally transformed to log coordinates: [5 6 7].
 Iteration    f-count      E[f(x)]        SD[f(x)]           MeshScale          Method          Actions
     0           1         21731.2             NaN               1                              
     0          21         7925.54             NaN               1            Initial mesh      
     0           1         27947.3             NaN               1                              
     0          21          9155.4             NaN               1            Initial mesh      
     0           1         16778.2             NaN               1                              
     0          21         9297.47             NaN               1            Initial mesh      
     0           1         23573.6             NaN               1                              
     0          21         9161.96             NaN               1            Initial mesh      
     0           1         9807.41             NaN               1                              
     0          21         7652.29             NaN               1            Initial mesh      
     0           1         20966.3             NaN               1                              
     0          21         8389.98             NaN               1            Initial mesh      
     0           1         23514.1             NaN               1                              
     0          21         8310.22             NaN               1            Initial mesh      
     0           1         7893.47             NaN               1                              
     0          21         7809.03             NaN               1            Initial mesh      
     0           1         16650.9             NaN               1                              
     0          21          7968.7             NaN               1            Initial mesh      
     0           1         10580.5             NaN               1                              
     0          21         8487.96             NaN               1            Initial mesh      
     0           1           11300             NaN               1                              
     0          21           11300             NaN               1            Initial mesh      
     0           1         8140.58             NaN               1                              
     0          21         8140.58             NaN               1            Initial mesh      
     0           1         9403.38             NaN               1                              
     0          21         7967.37             NaN               1            Initial mesh      
     0           1         8168.47             NaN               1                              
     0          21         8168.47             NaN               1            Initial mesh      
     0           1         9635.01             NaN               1                              
     0          21         8086.16             NaN               1            Initial mesh      
     0           1         21741.4             NaN               1                              
     0          21         8546.39             NaN               1            Initial mesh      
     0           1         8263.12             NaN               1                              
     0          21         7993.31             NaN               1            Initial mesh      
     0           1         17214.7             NaN               1                              
     0          21         7806.61             NaN               1            Initial mesh      
     0           1         8482.87             NaN               1                              
     0          21         8474.03             NaN               1            Initial mesh      
     0           1         14063.6             NaN               1                              
     0          21         8877.26             NaN               1            Initial mesh      
     1          32          7974.1        0.991558               1         Successful poll      Train
     1          32         7866.59         1.00078               1         Successful poll      Train
     1          33         7841.77        0.981246               1         Successful poll      Train
     1          33         8123.12         1.00433               1         Successful poll      Train
     1          34         7949.57        0.992121               1         Successful poll      Train
     1          34         7981.18         1.00144               1         Successful poll      Train
     2          36         7968.25        0.991557               1    Successful search (ES-wcm)      
     1          34         7925.54               1             0.5             Refine grid      Train
     1          34         8042.77         0.99145               1         Successful poll      Train
     2          36         7973.67         1.00433               1    Successful search (ES-wcm)      
     1          33          7791.6         0.99725               1         Successful poll      Train
     1          33         7823.93         0.99072               1         Successful poll      Train
     1          32         7764.87        0.990956               1         Successful poll      Train
     1          34         9509.85        0.995852               1         Successful poll      Train
     2          36         7865.51        0.996236             0.5    Successful search (ES-wcm)      
     1          33         7817.33        0.991005               1         Successful poll      Train
     1          35         7652.29               1             0.5             Refine grid      Train
     2          35         8381.26        0.995852               1    Successful search (ES-wcm)      
     1          34         7806.61               1             0.5             Refine grid      Train
     2          41          7828.7        0.992707               1    Successful search (ES-wcm)      
     2          38         7784.59        0.992707             0.5    Successful search (ES-wcm)      
     1          35         7890.04        0.992728               1         Successful poll      Train
     2          41         7831.32        0.992745               1    Successful search (ES-wcm)      
     2          37         7723.51        0.992675               1    Successful search (ES-wcm)      
     2          37         7798.72        0.992711             0.5    Successful search (ES-wcm)      
     1          34         8209.65        0.994695               1         Successful poll      Train
     1          34         8084.03         0.99006               1         Successful poll      Train
     1          35         7918.21        0.987221               1         Successful poll      Train
     2          38         7840.08        0.992409               1    Successful search (ES-wcm)      
     1          35         7922.37        0.995584               1         Successful poll      Train
     2          47         7786.64        0.992707               1    Successful search (ES-wcm)      
     2          36         7959.42         0.99006               1    Successful search (ES-wcm)      
     2          49         7866.59         1.00078             0.5             Refine grid      
     2          44         7826.22        0.992717               1    Successful search (ES-wcm)      
     3          50         7761.69          0.9927             0.5    Successful search (ES-wcm)      
     3          51         7702.63          0.9927             0.5    Successful search (ES-wcm)      
     2          45         7714.67         0.99271             0.5    Successful search (ES-ell)      
     2          40         8062.88        0.989955               1    Successful search (ES-wcm)      
     2          50         7841.77        0.981246             0.5             Refine grid      
     2          47         7747.24        0.992706             0.5    Successful search (ES-wcm)      
     2          50         7823.93         0.99072             0.5             Refine grid      
     2          59         7973.67         1.00433             0.5             Refine grid      Train
     2          50         7817.33        0.991005             0.5             Refine grid      
     2          44         7951.16         0.99114               1    Successful search (ES-wcm)      
     3          51         7731.41        0.992709             0.5    Successful search (ES-wcm)      
     2          42         7876.81        0.992711               1    Successful search (ES-wcm)      
     2          52         7738.09         0.99274               1    Successful search (ES-wcm)      
     2          50         7764.87        0.990956             0.5             Refine grid      
     2          52         7659.45        0.992707             0.5    Successful search (ES-wcm)      
     3          55         7720.33        0.992709             0.5    Successful search (ES-wcm)      
     3          63         7939.69        0.992698             0.5    Successful search (ES-wcm)      
     2          60         7831.32        0.992745             0.5             Refine grid      Train
     3          52         7669.56        0.992965             0.5    Successful search (ES-wcm)      
     3          61         7798.93        0.992734             0.5    Successful search (ES-wcm)      
     2          52         8042.77         0.99145             0.5             Refine grid      Train
     3          57         7715.04         0.99271             0.5    Successful search (ES-wcm)      
     2          47         7951.15         0.99114               1    Incremental search (ES-wcm)      
     3          66         7911.64        0.992703             0.5    Successful search (ES-wcm)      
     2          56         7652.29               1            0.25             Refine grid      Train
     3          54         7895.91        0.992664             0.5    Successful search (ES-wcm)      
     2          59         7895.95        0.992744               1         Successful poll      Train
     3          71         7811.16        0.992554             0.5    Successful search (ES-wcm)      
     2          61         7698.91         0.99274               1    Successful search (ES-wcm)      
     2          59         7646.02        0.992707             0.5    Successful search (ES-wcm)      
     3          63         7675.41        0.992709             0.5    Successful search (ES-wcm)      
     2          53         7858.72        0.990754               1    Successful search (ES-wcm)      
     3          69         7658.19        0.992724             0.5    Successful search (ES-wcm)      
     3          62         7732.63        0.992727               1    Successful search (ES-ell)      
     3          76         7758.11        0.992563             0.5    Successful search (ES-ell)      
     2          59         7723.51        0.992675             0.5             Refine grid      Train
     3          70         7841.76        0.992669            0.25             Refine grid      Train
     4          71         7805.34        0.992537            0.25    Successful search (ES-wcm)      
     3          62         7645.91         0.99151             0.5    Successful search (ES-wcm)      
     3          82         7705.58        0.991898             0.5    Successful search (ES-wcm)      
     3          74         7647.17        0.992719             0.5    Successful search (ES-wcm)      
     2          68         7786.64        0.992707             0.5             Refine grid      Train
     2          69         7747.24        0.992706            0.25             Refine grid      Train
     2          61         7807.73        0.990752               1    Successful search (ES-ell)      
     2          62         7840.08        0.992409             0.5             Refine grid      Train
     4          74         7764.78        0.992542            0.25    Successful search (ES-wcm)      
     3          71         7713.71        0.992963            0.25    Successful search (ES-wcm)      
     3          76         7688.89        0.992698               1         Successful poll      Train
     3          72         7710.15        0.993045            0.25    Successful search (ES-wcm)      
     3          78         7611.82         0.99272             0.5    Successful search (ES-wcm)      
     2          55         7922.37        0.995584             0.5             Refine grid      Train
     3          86         7700.49        0.991881             0.5    Successful search (ES-wcm)      
     3          77         7731.41        0.992709            0.25             Refine grid      Train
     3          73          7729.4         0.99263             0.5    Successful search (ES-wcm)      
     3          73         7713.78        0.992821               1    Successful search (ES-ell)      
     3          75         7667.56        0.993012            0.25    Successful search (ES-wcm)      
     4          77         7693.05        0.992534            0.25    Successful search (ES-wcm)      
     3          67         7834.16        0.991584             0.5    Successful search (ES-wcm)      
     2          61         8062.88        0.989955             0.5             Refine grid      Train
     3          58         7920.35        0.992687             0.5    Successful search (ES-wcm)      
     3          93          7697.4         0.99139             0.5    Successful search (ES-wcm)      
     4          81         7722.03        0.992676            0.25    Successful search (ES-ell)      
     3          69         7744.07        0.991591             0.5    Successful search (ES-wcm)      
     3          79         7658.37         0.99301            0.25    Successful search (ES-ell)      
     4          82         7705.05         0.99531            0.25    Successful search (ES-ell)      
     3          59         7895.72        0.992688             0.5    Successful search (ES-wcm)      
     3          63         8031.34         0.98791             0.5    Successful search (ES-wcm)      
     4          83         7684.96        0.995322            0.25    Successful search (ES-ell)      
     3          77         7635.31        0.978389           0.125             Refine grid      Train
     4          81         7686.21        0.992532            0.25    Successful search (ES-wcm)      
     4          84         7684.38        0.995324            0.25    Successful search (ES-ell)      
     3          81          7656.8        0.993019            0.25    Successful search (ES-ell)      
     3          98         7675.87         0.99197             0.5    Successful search (ES-wcm)      
     3          80         7700.18        0.992641             0.5    Successful search (ES-wcm)      
     3          80         7810.37        0.992633               1         Successful poll      Train
     3         101         7659.98        0.991979             0.5    Successful search (ES-wcm)      
     3          75         7687.89        0.991591             0.5    Successful search (ES-wcm)      
     2          62         7876.81        0.992711             0.5             Refine grid      Train
     3          78         7661.89        0.992957               1         Successful poll      Train
     4          84          7657.2        0.992649            0.25    Successful search (ES-wcm)      
     4          81         7638.83         1.00264           0.125    Successful search (ES-ell)      
     3          63            7753        0.992714             0.5    Successful search (ES-wcm)      
     4          82         7716.55        0.992889               1    Successful search (ES-wcm)      
     3          84         7675.41        0.992709            0.25             Refine grid      Train
     2          83         7698.91         0.99274             0.5             Refine grid      Train
     3          85         7646.41        0.989215            0.25    Successful search (ES-wcm)      
