ERROR: Unable to locate a modulefile for 'cuda/11.0'

                            < M A T L A B (R) >
                  Copyright 1984-2021 The MathWorks, Inc.
             R2021a Update 4 (9.10.0.1710957) 64-bit (glnxa64)
                                July 1, 2021

 
To get started, type doc.
For product information, visit www.mathworks.com.
 
sortNum2 
Hostgn-0015_57393219 
Starting parallel pool (parpool) using the 'local' profile ...
Connected to the parallel pool (number of workers: 40).

fvalbest =

   6.4679e+04

test succeeded
PING d3ag4hukkh62yn.cloudfront.net (108.138.120.209) 56(84) bytes of data.
PING d3ag4hukkh62yn.cloudfront.net (108.138.120.209) 56(84) bytes of data.
PING d3ag4hukkh62yn.cloudfront.net (108.138.120.209) 56(84) bytes of data.
PING d3ag4hukkh62yn.cloudfront.net (108.138.120.209) 56(84) bytes of data.
PING d3ag4hukkh62yn.cloudfront.net (108.138.120.209) 56(84) bytes of data.
PING d3ag4hukkh62yn.cloudfront.net (108.138.120.209) 56(84) bytes of data.
PING d3ag4hukkh62yn.cloudfront.net (108.138.120.209) 56(84) bytes of data.
PING d3ag4hukkh62yn.cloudfront.net (108.138.120.209) 56(84) bytes of data.
PING d3ag4hukkh62yn.cloudfront.net (108.138.120.209) 56(84) bytes of data.
PING d3ag4hukkh62yn.cloudfront.net (108.138.120.209) 56(84) bytes of data.
PING d3ag4hukkh62yn.cloudfront.net (108.138.120.209) 56(84) bytes of data.
PING d3ag4hukkh62yn.cloudfront.net (108.138.120.209) 56(84) bytes of data.
PING d3ag4hukkh62yn.cloudfront.net (108.138.120.209) 56(84) bytes of data.
PING d3ag4hukkh62yn.cloudfront.net (108.138.120.209) 56(84) bytes of data.
PING d3ag4hukkh62yn.cloudfront.net (108.138.120.209) 56(84) bytes of data.
PING d3ag4hukkh62yn.cloudfront.net (108.138.120.209) 56(84) bytes of data.
PING d3ag4hukkh62yn.cloudfront.net (108.138.120.209) 56(84) bytes of data.
PING d3ag4hukkh62yn.cloudfront.net (108.138.120.209) 56(84) bytes of data.
PING d3ag4hukkh62yn.cloudfront.net (108.138.120.209) 56(84) bytes of data.
PING d3ag4hukkh62yn.cloudfront.net (108.138.120.209) 56(84) bytes of data.
PING d3ag4hukkh62yn.cloudfront.net (108.138.120.209) 56(84) bytes of data.
PING d3ag4hukkh62yn.cloudfront.net (108.138.120.209) 56(84) bytes of data.
PING d3ag4hukkh62yn.cloudfront.net (108.138.120.209) 56(84) bytes of data.
PING d3ag4hukkh62yn.cloudfront.net (108.138.120.209) 56(84) bytes of data.
PING d3ag4hukkh62yn.cloudfront.net (108.138.120.209) 56(84) bytes of data.
PING d3ag4hukkh62yn.cloudfront.net (108.138.120.209) 56(84) bytes of data.
PING d3ag4hukkh62yn.cloudfront.net (108.138.120.209) 56(84) bytes of data.
PING d3ag4hukkh62yn.cloudfront.net (108.138.120.209) 56(84) bytes of data.
PING d3ag4hukkh62yn.cloudfront.net (108.138.120.209) 56(84) bytes of data.
PING d3ag4hukkh62yn.cloudfront.net (108.138.120.209) 56(84) bytes of data.
PING d3ag4hukkh62yn.cloudfront.net (108.138.120.209) 56(84) bytes of data.
PING d3ag4hukkh62yn.cloudfront.net (108.138.120.209) 56(84) bytes of data.
PING d3ag4hukkh62yn.cloudfront.net (108.138.120.209) 56(84) bytes of data.
PING d3ag4hukkh62yn.cloudfront.net (108.138.120.209) 56(84) bytes of data.
PING d3ag4hukkh62yn.cloudfront.net (108.138.120.209) 56(84) bytes of data.
PING d3ag4hukkh62yn.cloudfront.net (108.138.120.209) 56(84) bytes of data.
PING d3ag4hukkh62yn.cloudfront.net (108.138.120.209) 56(84) bytes of data.
PING d3ag4hukkh62yn.cloudfront.net (108.138.120.209) 56(84) bytes of data.
PING d3ag4hukkh62yn.cloudfront.net (108.138.120.209) 56(84) bytes of data.
PING d3ag4hukkh62yn.cloudfront.net (108.138.120.209) 56(84) bytes of data.
64 bytes from server-108-138-120-209.jfk50.r.cloudfront.net (108.138.120.209): icmp_seq=1 ttl=238 time=4.46 ms

--- d3ag4hukkh62yn.cloudfront.net ping statistics ---
1 packets transmitted, 1 received, 0% packet loss, time 0ms
rtt min/avg/max/mdev = 4.461/4.461/4.461/0.000 ms
Variables (index) internally transformed to log coordinates: [5 6 7].
Beginning optimization of a STOCHASTIC objective fcn.
64 bytes from server-108-138-120-209.jfk50.r.cloudfront.net (108.138.120.209): icmp_seq=1 ttl=238 time=4.40 ms

--- d3ag4hukkh62yn.cloudfront.net ping statistics ---
1 packets transmitted, 1 received, 0% packet loss, time 0ms
rtt min/avg/max/mdev = 4.407/4.407/4.407/0.000 ms
Variables (index) internally transformed to log coordinates: [5 6 7].
Beginning optimization of a STOCHASTIC objective fcn.
64 bytes from server-108-138-120-209.jfk50.r.cloudfront.net (108.138.120.209): icmp_seq=1 ttl=238 time=4.51 ms

--- d3ag4hukkh62yn.cloudfront.net ping statistics ---
1 packets transmitted, 1 received, 0% packet loss, time 0ms
rtt min/avg/max/mdev = 4.512/4.512/4.512/0.000 ms
Variables (index) internally transformed to log coordinates: [5 6 7].
Beginning optimization of a STOCHASTIC objective fcn.
64 bytes from server-108-138-120-209.jfk50.r.cloudfront.net (108.138.120.209): icmp_seq=1 ttl=238 time=4.46 ms

--- d3ag4hukkh62yn.cloudfront.net ping statistics ---
1 packets transmitted, 1 received, 0% packet loss, time 0ms
rtt min/avg/max/mdev = 4.468/4.468/4.468/0.000 ms
Variables (index) internally transformed to log coordinates: [5 6 7].
Beginning optimization of a STOCHASTIC objective fcn.
64 bytes from server-108-138-120-209.jfk50.r.cloudfront.net (108.138.120.209): icmp_seq=1 ttl=238 time=4.50 ms

--- d3ag4hukkh62yn.cloudfront.net ping statistics ---
1 packets transmitted, 1 received, 0% packet loss, time 0ms
rtt min/avg/max/mdev = 4.506/4.506/4.506/0.000 ms
Variables (index) internally transformed to log coordinates: [5 6 7].
Beginning optimization of a STOCHASTIC objective fcn.
64 bytes from server-108-138-120-209.jfk50.r.cloudfront.net (108.138.120.209): icmp_seq=1 ttl=238 time=4.52 ms

--- d3ag4hukkh62yn.cloudfront.net ping statistics ---
1 packets transmitted, 1 received, 0% packet loss, time 0ms
rtt min/avg/max/mdev = 4.521/4.521/4.521/0.000 ms
Variables (index) internally transformed to log coordinates: [5 6 7].
Beginning optimization of a STOCHASTIC objective fcn.
64 bytes from server-108-138-120-209.jfk50.r.cloudfront.net (108.138.120.209): icmp_seq=1 ttl=238 time=4.44 ms

--- d3ag4hukkh62yn.cloudfront.net ping statistics ---
1 packets transmitted, 1 received, 0% packet loss, time 0ms
rtt min/avg/max/mdev = 4.448/4.448/4.448/0.000 ms
Variables (index) internally transformed to log coordinates: [5 6 7].
Beginning optimization of a STOCHASTIC objective fcn.
64 bytes from server-108-138-120-209.jfk50.r.cloudfront.net (108.138.120.209): icmp_seq=1 ttl=238 time=4.51 ms

--- d3ag4hukkh62yn.cloudfront.net ping statistics ---
1 packets transmitted, 1 received, 0% packet loss, time 0ms
rtt min/avg/max/mdev = 4.516/4.516/4.516/0.000 ms
Variables (index) internally transformed to log coordinates: [5 6 7].
Beginning optimization of a STOCHASTIC objective fcn.
64 bytes from server-108-138-120-209.jfk50.r.cloudfront.net (108.138.120.209): icmp_seq=1 ttl=238 time=4.44 ms

--- d3ag4hukkh62yn.cloudfront.net ping statistics ---
1 packets transmitted, 1 received, 0% packet loss, time 0ms
rtt min/avg/max/mdev = 4.445/4.445/4.445/0.000 ms
Variables (index) internally transformed to log coordinates: [5 6 7].
Beginning optimization of a STOCHASTIC objective fcn.
64 bytes from server-108-138-120-209.jfk50.r.cloudfront.net (108.138.120.209): icmp_seq=1 ttl=238 time=4.45 ms

--- d3ag4hukkh62yn.cloudfront.net ping statistics ---
1 packets transmitted, 1 received, 0% packet loss, time 0ms
rtt min/avg/max/mdev = 4.451/4.451/4.451/0.000 ms
Variables (index) internally transformed to log coordinates: [5 6 7].
Beginning optimization of a STOCHASTIC objective fcn.
64 bytes from server-108-138-120-209.jfk50.r.cloudfront.net (108.138.120.209): icmp_seq=1 ttl=238 time=4.47 ms

--- d3ag4hukkh62yn.cloudfront.net ping statistics ---
1 packets transmitted, 1 received, 0% packet loss, time 0ms
rtt min/avg/max/mdev = 4.477/4.477/4.477/0.000 ms
Variables (index) internally transformed to log coordinates: [5 6 7].
Beginning optimization of a STOCHASTIC objective fcn.
64 bytes from server-108-138-120-209.jfk50.r.cloudfront.net (108.138.120.209): icmp_seq=1 ttl=238 time=4.42 ms

--- d3ag4hukkh62yn.cloudfront.net ping statistics ---
1 packets transmitted, 1 received, 0% packet loss, time 0ms
rtt min/avg/max/mdev = 4.429/4.429/4.429/0.000 ms
Variables (index) internally transformed to log coordinates: [5 6 7].
Beginning optimization of a STOCHASTIC objective fcn.
64 bytes from server-108-138-120-209.jfk50.r.cloudfront.net (108.138.120.209): icmp_seq=1 ttl=238 time=4.48 ms

--- d3ag4hukkh62yn.cloudfront.net ping statistics ---
1 packets transmitted, 1 received, 0% packet loss, time 0ms
rtt min/avg/max/mdev = 4.484/4.484/4.484/0.000 ms
Variables (index) internally transformed to log coordinates: [5 6 7].
Beginning optimization of a STOCHASTIC objective fcn.
64 bytes from server-108-138-120-209.jfk50.r.cloudfront.net (108.138.120.209): icmp_seq=1 ttl=238 time=4.48 ms

--- d3ag4hukkh62yn.cloudfront.net ping statistics ---
1 packets transmitted, 1 received, 0% packet loss, time 0ms
rtt min/avg/max/mdev = 4.489/4.489/4.489/0.000 ms
Variables (index) internally transformed to log coordinates: [5 6 7].
Beginning optimization of a STOCHASTIC objective fcn.
64 bytes from server-108-138-120-209.jfk50.r.cloudfront.net (108.138.120.209): icmp_seq=1 ttl=238 time=4.43 ms

--- d3ag4hukkh62yn.cloudfront.net ping statistics ---
1 packets transmitted, 1 received, 0% packet loss, time 0ms
rtt min/avg/max/mdev = 4.437/4.437/4.437/0.000 ms
Variables (index) internally transformed to log coordinates: [5 6 7].
Beginning optimization of a STOCHASTIC objective fcn.
64 bytes from server-108-138-120-209.jfk50.r.cloudfront.net (108.138.120.209): icmp_seq=1 ttl=238 time=4.53 ms

--- d3ag4hukkh62yn.cloudfront.net ping statistics ---
1 packets transmitted, 1 received, 0% packet loss, time 0ms
rtt min/avg/max/mdev = 4.537/4.537/4.537/0.000 ms
Variables (index) internally transformed to log coordinates: [5 6 7].
Beginning optimization of a STOCHASTIC objective fcn.
64 bytes from server-108-138-120-209.jfk50.r.cloudfront.net (108.138.120.209): icmp_seq=1 ttl=238 time=4.46 ms

--- d3ag4hukkh62yn.cloudfront.net ping statistics ---
1 packets transmitted, 1 received, 0% packet loss, time 0ms
rtt min/avg/max/mdev = 4.464/4.464/4.464/0.000 ms
Variables (index) internally transformed to log coordinates: [5 6 7].
Beginning optimization of a STOCHASTIC objective fcn.
64 bytes from server-108-138-120-209.jfk50.r.cloudfront.net (108.138.120.209): icmp_seq=1 ttl=238 time=4.42 ms

--- d3ag4hukkh62yn.cloudfront.net ping statistics ---
1 packets transmitted, 1 received, 0% packet loss, time 0ms
rtt min/avg/max/mdev = 4.427/4.427/4.427/0.000 ms
Variables (index) internally transformed to log coordinates: [5 6 7].
Beginning optimization of a STOCHASTIC objective fcn.
64 bytes from server-108-138-120-209.jfk50.r.cloudfront.net (108.138.120.209): icmp_seq=1 ttl=238 time=4.48 ms

--- d3ag4hukkh62yn.cloudfront.net ping statistics ---
1 packets transmitted, 1 received, 0% packet loss, time 0ms
rtt min/avg/max/mdev = 4.480/4.480/4.480/0.000 ms
Variables (index) internally transformed to log coordinates: [5 6 7].
Beginning optimization of a STOCHASTIC objective fcn.
64 bytes from server-108-138-120-209.jfk50.r.cloudfront.net (108.138.120.209): icmp_seq=1 ttl=238 time=4.53 ms

--- d3ag4hukkh62yn.cloudfront.net ping statistics ---
1 packets transmitted, 1 received, 0% packet loss, time 0ms
rtt min/avg/max/mdev = 4.536/4.536/4.536/0.000 ms
Variables (index) internally transformed to log coordinates: [5 6 7].
Beginning optimization of a STOCHASTIC objective fcn.
64 bytes from server-108-138-120-209.jfk50.r.cloudfront.net (108.138.120.209): icmp_seq=1 ttl=238 time=4.46 ms

--- d3ag4hukkh62yn.cloudfront.net ping statistics ---
1 packets transmitted, 1 received, 0% packet loss, time 0ms
rtt min/avg/max/mdev = 4.465/4.465/4.465/0.000 ms
Variables (index) internally transformed to log coordinates: [5 6 7].
Beginning optimization of a STOCHASTIC objective fcn.
64 bytes from server-108-138-120-209.jfk50.r.cloudfront.net (108.138.120.209): icmp_seq=1 ttl=238 time=4.45 ms

--- d3ag4hukkh62yn.cloudfront.net ping statistics ---
1 packets transmitted, 1 received, 0% packet loss, time 0ms
rtt min/avg/max/mdev = 4.456/4.456/4.456/0.000 ms
Variables (index) internally transformed to log coordinates: [5 6 7].
Beginning optimization of a STOCHASTIC objective fcn.
64 bytes from server-108-138-120-209.jfk50.r.cloudfront.net (108.138.120.209): icmp_seq=1 ttl=238 time=4.46 ms

--- d3ag4hukkh62yn.cloudfront.net ping statistics ---
1 packets transmitted, 1 received, 0% packet loss, time 0ms
rtt min/avg/max/mdev = 4.468/4.468/4.468/0.000 ms
Variables (index) internally transformed to log coordinates: [5 6 7].
Beginning optimization of a STOCHASTIC objective fcn.
64 bytes from server-108-138-120-209.jfk50.r.cloudfront.net (108.138.120.209): icmp_seq=1 ttl=238 time=4.49 ms

--- d3ag4hukkh62yn.cloudfront.net ping statistics ---
1 packets transmitted, 1 received, 0% packet loss, time 0ms
rtt min/avg/max/mdev = 4.497/4.497/4.497/0.000 ms
Variables (index) internally transformed to log coordinates: [5 6 7].
Beginning optimization of a STOCHASTIC objective fcn.
64 bytes from server-108-138-120-209.jfk50.r.cloudfront.net (108.138.120.209): icmp_seq=1 ttl=238 time=4.50 ms

--- d3ag4hukkh62yn.cloudfront.net ping statistics ---
1 packets transmitted, 1 received, 0% packet loss, time 0ms
rtt min/avg/max/mdev = 4.503/4.503/4.503/0.000 ms
Variables (index) internally transformed to log coordinates: [5 6 7].
Beginning optimization of a STOCHASTIC objective fcn.
64 bytes from server-108-138-120-209.jfk50.r.cloudfront.net (108.138.120.209): icmp_seq=1 ttl=238 time=4.43 ms

--- d3ag4hukkh62yn.cloudfront.net ping statistics ---
1 packets transmitted, 1 received, 0% packet loss, time 0ms
rtt min/avg/max/mdev = 4.436/4.436/4.436/0.000 ms
Variables (index) internally transformed to log coordinates: [5 6 7].
Beginning optimization of a STOCHASTIC objective fcn.
64 bytes from server-108-138-120-209.jfk50.r.cloudfront.net (108.138.120.209): icmp_seq=1 ttl=238 time=4.44 ms

--- d3ag4hukkh62yn.cloudfront.net ping statistics ---
1 packets transmitted, 1 received, 0% packet loss, time 0ms
rtt min/avg/max/mdev = 4.441/4.441/4.441/0.000 ms
Variables (index) internally transformed to log coordinates: [5 6 7].
Beginning optimization of a STOCHASTIC objective fcn.
64 bytes from server-108-138-120-209.jfk50.r.cloudfront.net (108.138.120.209): icmp_seq=1 ttl=238 time=4.46 ms

--- d3ag4hukkh62yn.cloudfront.net ping statistics ---
1 packets transmitted, 1 received, 0% packet loss, time 0ms
rtt min/avg/max/mdev = 4.466/4.466/4.466/0.000 ms
Variables (index) internally transformed to log coordinates: [5 6 7].
Beginning optimization of a STOCHASTIC objective fcn.
64 bytes from server-108-138-120-209.jfk50.r.cloudfront.net (108.138.120.209): icmp_seq=1 ttl=238 time=4.50 ms

--- d3ag4hukkh62yn.cloudfront.net ping statistics ---
1 packets transmitted, 1 received, 0% packet loss, time 0ms
rtt min/avg/max/mdev = 4.504/4.504/4.504/0.000 ms
Variables (index) internally transformed to log coordinates: [5 6 7].
Beginning optimization of a STOCHASTIC objective fcn.
64 bytes from server-108-138-120-209.jfk50.r.cloudfront.net (108.138.120.209): icmp_seq=1 ttl=238 time=4.46 ms

--- d3ag4hukkh62yn.cloudfront.net ping statistics ---
1 packets transmitted, 1 received, 0% packet loss, time 0ms
rtt min/avg/max/mdev = 4.465/4.465/4.465/0.000 ms
Variables (index) internally transformed to log coordinates: [5 6 7].
Beginning optimization of a STOCHASTIC objective fcn.
64 bytes from server-108-138-120-209.jfk50.r.cloudfront.net (108.138.120.209): icmp_seq=1 ttl=238 time=4.42 ms

--- d3ag4hukkh62yn.cloudfront.net ping statistics ---
1 packets transmitted, 1 received, 0% packet loss, time 0ms
rtt min/avg/max/mdev = 4.422/4.422/4.422/0.000 ms
Variables (index) internally transformed to log coordinates: [5 6 7].
Beginning optimization of a STOCHASTIC objective fcn.
64 bytes from server-108-138-120-209.jfk50.r.cloudfront.net (108.138.120.209): icmp_seq=1 ttl=238 time=4.55 ms

--- d3ag4hukkh62yn.cloudfront.net ping statistics ---
1 packets transmitted, 1 received, 0% packet loss, time 0ms
rtt min/avg/max/mdev = 4.550/4.550/4.550/0.000 ms
Variables (index) internally transformed to log coordinates: [5 6 7].
Beginning optimization of a STOCHASTIC objective fcn.
64 bytes from server-108-138-120-209.jfk50.r.cloudfront.net (108.138.120.209): icmp_seq=1 ttl=238 time=4.43 ms

--- d3ag4hukkh62yn.cloudfront.net ping statistics ---
1 packets transmitted, 1 received, 0% packet loss, time 0ms
rtt min/avg/max/mdev = 4.436/4.436/4.436/0.000 ms
Variables (index) internally transformed to log coordinates: [5 6 7].
Beginning optimization of a STOCHASTIC objective fcn.
64 bytes from server-108-138-120-209.jfk50.r.cloudfront.net (108.138.120.209): icmp_seq=1 ttl=238 time=4.50 ms

--- d3ag4hukkh62yn.cloudfront.net ping statistics ---
1 packets transmitted, 1 received, 0% packet loss, time 0ms
rtt min/avg/max/mdev = 4.502/4.502/4.502/0.000 ms
Variables (index) internally transformed to log coordinates: [5 6 7].
Beginning optimization of a STOCHASTIC objective fcn.
64 bytes from server-108-138-120-209.jfk50.r.cloudfront.net (108.138.120.209): icmp_seq=1 ttl=238 time=4.50 ms

--- d3ag4hukkh62yn.cloudfront.net ping statistics ---
1 packets transmitted, 1 received, 0% packet loss, time 0ms
rtt min/avg/max/mdev = 4.507/4.507/4.507/0.000 ms
Variables (index) internally transformed to log coordinates: [5 6 7].
Beginning optimization of a STOCHASTIC objective fcn.
64 bytes from server-108-138-120-209.jfk50.r.cloudfront.net (108.138.120.209): icmp_seq=1 ttl=238 time=4.41 ms

--- d3ag4hukkh62yn.cloudfront.net ping statistics ---
1 packets transmitted, 1 received, 0% packet loss, time 0ms
rtt min/avg/max/mdev = 4.418/4.418/4.418/0.000 ms
Variables (index) internally transformed to log coordinates: [5 6 7].
Beginning optimization of a STOCHASTIC objective fcn.
64 bytes from server-108-138-120-209.jfk50.r.cloudfront.net (108.138.120.209): icmp_seq=1 ttl=238 time=4.44 ms

--- d3ag4hukkh62yn.cloudfront.net ping statistics ---
1 packets transmitted, 1 received, 0% packet loss, time 0ms
rtt min/avg/max/mdev = 4.448/4.448/4.448/0.000 ms
Variables (index) internally transformed to log coordinates: [5 6 7].
Beginning optimization of a STOCHASTIC objective fcn.
64 bytes from server-108-138-120-209.jfk50.r.cloudfront.net (108.138.120.209): icmp_seq=1 ttl=238 time=4.54 ms

--- d3ag4hukkh62yn.cloudfront.net ping statistics ---
1 packets transmitted, 1 received, 0% packet loss, time 0ms
rtt min/avg/max/mdev = 4.545/4.545/4.545/0.000 ms
Variables (index) internally transformed to log coordinates: [5 6 7].
Beginning optimization of a STOCHASTIC objective fcn.
64 bytes from server-108-138-120-209.jfk50.r.cloudfront.net (108.138.120.209): icmp_seq=1 ttl=238 time=4.42 ms

--- d3ag4hukkh62yn.cloudfront.net ping statistics ---
1 packets transmitted, 1 received, 0% packet loss, time 0ms
rtt min/avg/max/mdev = 4.420/4.420/4.420/0.000 ms
Variables (index) internally transformed to log coordinates: [5 6 7].
Beginning optimization of a STOCHASTIC objective fcn.
64 bytes from server-108-138-120-209.jfk50.r.cloudfront.net (108.138.120.209): icmp_seq=1 ttl=238 time=4.49 ms

--- d3ag4hukkh62yn.cloudfront.net ping statistics ---
1 packets transmitted, 1 received, 0% packet loss, time 0ms
rtt min/avg/max/mdev = 4.492/4.492/4.492/0.000 ms
Variables (index) internally transformed to log coordinates: [5 6 7].
Beginning optimization of a STOCHASTIC objective fcn.
 Iteration    f-count      E[f(x)]        SD[f(x)]           MeshScale          Method          Actions
     0           1         64679.3             NaN               1                              
     0          21         64679.3             NaN               1            Initial mesh      
 Iteration    f-count      E[f(x)]        SD[f(x)]           MeshScale          Method          Actions
     0           1         64679.3             NaN               1                              
     0          21         64679.3             NaN               1            Initial mesh      
 Iteration    f-count      E[f(x)]        SD[f(x)]           MeshScale          Method          Actions
     0           1         64679.3             NaN               1                              
     0          21         64679.3             NaN               1            Initial mesh      
 Iteration    f-count      E[f(x)]        SD[f(x)]           MeshScale          Method          Actions
     0           1         64679.3             NaN               1                              
     0          21         64679.3             NaN               1            Initial mesh      
 Iteration    f-count      E[f(x)]        SD[f(x)]           MeshScale          Method          Actions
     0           1         64679.3             NaN               1                              
     0          21         64679.3             NaN               1            Initial mesh      
 Iteration    f-count      E[f(x)]        SD[f(x)]           MeshScale          Method          Actions
     0           1         64679.3             NaN               1                              
     0          21         64679.3             NaN               1            Initial mesh      
 Iteration    f-count      E[f(x)]        SD[f(x)]           MeshScale          Method          Actions
     0           1         64679.3             NaN               1                              
     0          21         64679.3             NaN               1            Initial mesh      
 Iteration    f-count      E[f(x)]        SD[f(x)]           MeshScale          Method          Actions
     0           1         64679.3             NaN               1                              
     0          21         64679.3             NaN               1            Initial mesh      
 Iteration    f-count      E[f(x)]        SD[f(x)]           MeshScale          Method          Actions
     0           1         64679.3             NaN               1                              
     0          21         64679.3             NaN               1            Initial mesh      
 Iteration    f-count      E[f(x)]        SD[f(x)]           MeshScale          Method          Actions
     0           1         64679.3             NaN               1                              
     0          21         64679.3             NaN               1            Initial mesh      
 Iteration    f-count      E[f(x)]        SD[f(x)]           MeshScale          Method          Actions
     0           1         64679.3             NaN               1                              
     0          21         64679.3             NaN               1            Initial mesh      
 Iteration    f-count      E[f(x)]        SD[f(x)]           MeshScale          Method          Actions
     0           1         64679.3             NaN               1                              
     0          21         64679.3             NaN               1            Initial mesh      
 Iteration    f-count      E[f(x)]        SD[f(x)]           MeshScale          Method          Actions
     0           1         64679.3             NaN               1                              
     0          21         64679.3             NaN               1            Initial mesh      
 Iteration    f-count      E[f(x)]        SD[f(x)]           MeshScale          Method          Actions
     0           1         64679.3             NaN               1                              
     0          21         64679.3             NaN               1            Initial mesh      
 Iteration    f-count      E[f(x)]        SD[f(x)]           MeshScale          Method          Actions
     0           1         64679.3             NaN               1                              
     0          21         64679.3             NaN               1            Initial mesh      
 Iteration    f-count      E[f(x)]        SD[f(x)]           MeshScale          Method          Actions
     0           1         64679.3             NaN               1                              
     0          21         64679.3             NaN               1            Initial mesh      
 Iteration    f-count      E[f(x)]        SD[f(x)]           MeshScale          Method          Actions
     0           1         64679.3             NaN               1                              
     0          21         64679.3             NaN               1            Initial mesh      
 Iteration    f-count      E[f(x)]        SD[f(x)]           MeshScale          Method          Actions
     0           1         64679.3             NaN               1                              
     0          21         64679.3             NaN               1            Initial mesh      
 Iteration    f-count      E[f(x)]        SD[f(x)]           MeshScale          Method          Actions
     0           1         64679.3             NaN               1                              
     0          21         64679.3             NaN               1            Initial mesh      
 Iteration    f-count      E[f(x)]        SD[f(x)]           MeshScale          Method          Actions
     0           1         64679.3             NaN               1                              
     0          21         64679.3             NaN               1            Initial mesh      
 Iteration    f-count      E[f(x)]        SD[f(x)]           MeshScale          Method          Actions
     0           1         64679.3             NaN               1                              
     0          21         64679.3             NaN               1            Initial mesh      
 Iteration    f-count      E[f(x)]        SD[f(x)]           MeshScale          Method          Actions
     0           1         64679.3             NaN               1                              
     0          21         64679.3             NaN               1            Initial mesh      
 Iteration    f-count      E[f(x)]        SD[f(x)]           MeshScale          Method          Actions
     0           1         64679.3             NaN               1                              
     0          21         64679.3             NaN               1            Initial mesh      
 Iteration    f-count      E[f(x)]        SD[f(x)]           MeshScale          Method          Actions
     0           1         64679.3             NaN               1                              
     0          21         64679.3             NaN               1            Initial mesh      
 Iteration    f-count      E[f(x)]        SD[f(x)]           MeshScale          Method          Actions
     0           1         64679.3             NaN               1                              
     0          21         64679.3             NaN               1            Initial mesh      
 Iteration    f-count      E[f(x)]        SD[f(x)]           MeshScale          Method          Actions
     0           1         64679.3             NaN               1                              
     0          21         64679.3             NaN               1            Initial mesh      
 Iteration    f-count      E[f(x)]        SD[f(x)]           MeshScale          Method          Actions
     0           1         64679.3             NaN               1                              
     0          21         64679.3             NaN               1            Initial mesh      
 Iteration    f-count      E[f(x)]        SD[f(x)]           MeshScale          Method          Actions
     0           1         64679.3             NaN               1                              
     0          21         64679.3             NaN               1            Initial mesh      
 Iteration    f-count      E[f(x)]        SD[f(x)]           MeshScale          Method          Actions
     0           1         64679.3             NaN               1                              
     0          21         64679.3             NaN               1            Initial mesh      
 Iteration    f-count      E[f(x)]        SD[f(x)]           MeshScale          Method          Actions
     0           1         64679.3             NaN               1                              
     0          21         64679.3             NaN               1            Initial mesh      
 Iteration    f-count      E[f(x)]        SD[f(x)]           MeshScale          Method          Actions
     0           1         64679.3             NaN               1                              
     0          21         64594.6             NaN               1            Initial mesh      
 Iteration    f-count      E[f(x)]        SD[f(x)]           MeshScale          Method          Actions
     0           1         64679.3             NaN               1                              
     0          21         64679.3             NaN               1            Initial mesh      
 Iteration    f-count      E[f(x)]        SD[f(x)]           MeshScale          Method          Actions
     0           1         64679.3             NaN               1                              
     0          21         64679.3             NaN               1            Initial mesh      
 Iteration    f-count      E[f(x)]        SD[f(x)]           MeshScale          Method          Actions
     0           1         64679.3             NaN               1                              
     0          21         64679.3             NaN               1            Initial mesh      
 Iteration    f-count      E[f(x)]        SD[f(x)]           MeshScale          Method          Actions
     0           1         64679.3             NaN               1                              
     0          21         64679.3             NaN               1            Initial mesh      
 Iteration    f-count      E[f(x)]        SD[f(x)]           MeshScale          Method          Actions
     0           1         64679.3             NaN               1                              
     0          21         64679.3             NaN               1            Initial mesh      
 Iteration    f-count      E[f(x)]        SD[f(x)]           MeshScale          Method          Actions
     0           1         64679.3             NaN               1                              
     0          21         64679.3             NaN               1            Initial mesh      
 Iteration    f-count      E[f(x)]        SD[f(x)]           MeshScale          Method          Actions
     0           1         64679.3             NaN               1                              
     0          21         64679.3             NaN               1            Initial mesh      
 Iteration    f-count      E[f(x)]        SD[f(x)]           MeshScale          Method          Actions
     0           1         64679.3             NaN               1                              
     0          21         64679.3             NaN               1            Initial mesh      
 Iteration    f-count      E[f(x)]        SD[f(x)]           MeshScale          Method          Actions
     0           1         64679.3             NaN               1                              
     0          21         64679.3             NaN               1            Initial mesh      
     1          22         64611.6        0.895194               1         Successful poll      Train
     1          23         64633.9         0.87999               1         Successful poll      Train
     1          22         64669.9        0.897605               1         Successful poll      Train
     1          24         64665.8        0.850369               1         Successful poll      Train
     2          23         64557.1        0.852074               1    Successful search (ES-wcm)      
     2          24         64512.8        0.812132               1    Successful search (ES-wcm)      
     2          25         64479.9        0.786934               1    Successful search (ES-ell)      
     2          26         64457.5        0.782888               1    Successful search (ES-ell)      
     1          25         64566.6      0.00454049               1         Successful poll      Train
     2          24         64588.7        0.842948               1    Successful search (ES-wcm)      
     2          25         64545.1        0.808977               1    Successful search (ES-wcm)      
     2          23         64653.9        0.855339               1    Successful search (ES-ell)      
     2          24         64632.4        0.825639               1    Successful search (ES-ell)      
     1          25         64528.4         1.96939               1         Successful poll      Train
     2          26         64442.9      0.00504583               1    Successful search (ES-wcm)      
     2          27         64363.9      0.00489541               1    Successful search (ES-wcm)      
     2          26         64519.7        0.775937               1    Successful search (ES-wcm)      
     2          27         64500.7        0.751781               1    Successful search (ES-wcm)      
     2          25         64607.1        0.799819               1    Successful search (ES-ell)      
     2          26         64577.9        0.764523               1    Successful search (ES-wcm)      
     2          27         64428.6        0.747769               1    Successful search (ES-wcm)      
     2          28         64415.3        0.748566               1    Successful search (ES-wcm)      
     2          28           64317        0.004498               1    Successful search (ES-wcm)      
     2          29         64284.6      0.00417045               1    Successful search (ES-wcm)      
     2          26         64254.7         1.99168               1    Successful search (ES-wcm)      
     2          30         64359.8        0.681399               1    Successful search (ES-wcm)      
     2          28         64479.6         0.75804               1    Successful search (ES-wcm)      
     2          29           64465        0.720783               1    Successful search (ES-wcm)      
     2          27         64253.9         2.00279               1    Incremental search (ES-wcm)      
     2          31         64340.6         0.66205               1    Successful search (ES-wcm)      
     2          32         64327.6        0.647817               1    Successful search (ES-wcm)      
     2          30         64257.8      0.00402974               1    Successful search (ES-wcm)      
     2          31         64241.7      0.00375407               1    Successful search (ES-wcm)      
     2          30         64450.1        0.754897               1    Successful search (ES-wcm)      
     2          31         64412.6        0.669354               1    Successful search (ES-wcm)      
     2          28         64246.8         1.97207               1    Successful search (ES-wcm)      
     1          33         64679.3             2.7             0.5             Refine grid      Train
     1          34         64679.3             2.7             0.5             Refine grid      Train
     1          35         64679.3             2.7             0.5             Refine grid      Train
     1          35         64679.3             2.7             0.5             Refine grid      Train
     1          34         64679.3             2.7             0.5             Refine grid      Train
     1          34         64679.3             2.7             0.5             Refine grid      Train
     2          33         64317.1        0.640383               1    Successful search (ES-wcm)      
     2          34         64306.1        0.631011               1    Successful search (ES-ell)      
     2          32         64229.8      0.00369361               1    Successful search (ES-wcm)      
     2          33         64210.2      0.00342513               1    Successful search (ES-ell)      
     1          34         64679.3             2.7             0.5             Refine grid      Train
     1          34         64679.3             2.7             0.5             Refine grid      Train
     1          34         64679.3             2.7             0.5             Refine grid      Train
     1          34         64579.7      0.00313337               1         Successful poll      Train
     1          33         64679.3             2.7             0.5             Refine grid      Train
     2          32         64392.2        0.658149               1    Successful search (ES-wcm)      
     2          33         64375.7         0.64306               1    Successful search (ES-wcm)      
     1          33         64679.3             2.7             0.5             Refine grid      Train
     1          34         64679.3             2.7             0.5             Refine grid      Train
     2          30           64242         1.89232               1    Successful search (ES-wcm)      
     1          34         64679.3             2.7             0.5             Refine grid      Train
     1          34         64679.3             2.7             0.5             Refine grid      Train
     1          34         64679.3             2.7             0.5             Refine grid      Train
     1          34         64679.3             2.7             0.5             Refine grid      Train
     1          33         64679.3             2.7             0.5             Refine grid      Train
     1          34         64679.3             2.7             0.5             Refine grid      Train
     1          33         64679.3             2.7             0.5             Refine grid      Train
     1          34         64679.3             2.7             0.5             Refine grid      Train
     1          35         64679.3             2.7             0.5             Refine grid      Train
     1          34         64679.3             2.7             0.5             Refine grid      Train
     2          34         64201.2      0.00321615               1    Successful search (ES-wcm)      
     2          35         64193.9      0.00306907               1    Successful search (ES-wcm)      
     1          34         64679.3             2.7             0.5             Refine grid      Train
     2          35         64624.8        0.843723             0.5    Successful search (ES-wcm)      
     1          35         64679.3             2.7             0.5             Refine grid      Train
     2          35         64438.6      0.00328431               1    Successful search (ES-wcm)      
     2          36         64349.1      0.00309924               1    Successful search (ES-wcm)      
     1          35         64679.3             2.7             0.5             Refine grid      Train
     1          34         64679.3             2.7             0.5             Refine grid      Train
     1          35         64679.3             2.7             0.5             Refine grid      Train
     2          34         64365.6        0.630796               1    Successful search (ES-wcm)      
     2          35         64357.1        0.622373               1    Successful search (ES-wcm)      
     1          34         64679.3             2.7             0.5             Refine grid      Train
     1          34         64549.1       0.0023559               1         Successful poll      Train
     1          35         64679.3             2.7             0.5             Refine grid      Train
     1          35         64679.3             2.7             0.5             Refine grid      Train
     1          34         64679.3             2.7             0.5             Refine grid      Train
     2          36         64299.7        0.615153               1    Successful search (ES-wcm)      
     2          37         64101.8       0.0946372               1    Successful search (ES-wcm)      
     2          35         64632.6        0.829071             0.5    Successful search (ES-wcm)      
     2          36         64592.8        0.801442             0.5    Successful search (ES-wcm)      
     1          35         64679.3      0.00375512             0.5             Refine grid      Train
     2          37         64097.5        0.588132               1    Successful search (ES-wcm)      
     2          38         64083.6        0.591195               1    Successful search (ES-ell)      
     2          36         64576.8        0.816741             0.5    Successful search (ES-wcm)      
     2          37         64071.7        0.156236             0.5    Successful search (ES-ell)      
     2          37         64149.1        0.369766             0.5    Successful search (ES-wcm)      
     2          37         64080.2         22.8673               1    Successful search (ES-wcm)      
     2          33         64240.3         1.45503               1    Successful search (ES-wcm)      
     2          35         64337.9      0.00315608               1    Successful search (ES-ell)      
     2          36         64249.2      0.00288439               1    Successful search (ES-ell)      
     2          40         64063.4         0.59416               1    Successful search (ES-wcm)      
     2          39         64119.2         0.36797             0.5    Successful search (ES-ell)      
     2          38         64036.1         17.8388               1    Successful search (ES-wcm)      
     2          40         64012.1         20.5373               1    Successful search (ES-ell)      
     2          42           64068       0.0946463               1    Successful search (ES-wcm)      
     2          44         64666.6       0.0033752               1         Successful poll      
     2          40           64094        0.333712             0.5    Successful search (ES-wcm)      
     2          42         64064.3        0.293641             0.5    Successful search (ES-wcm)      
     2          42         64001.8         17.9237               1    Successful search (ES-wcm)      
     2          45         64065.2       0.0946463               1    Successful search (ES-wcm)      
     2          38         64238.6         2.31872               1    Successful search (ES-wcm)      
     2          43         64055.3        0.316025             0.5    Successful search (ES-wcm)      
     2          45         64020.9        0.301654             0.5    Successful search (ES-wcm)      
     2          25         61570.5         0.82425               1    Successful search (ES-wcm)      
     2          48           64062        0.584223               1    Successful search (ES-wcm)      
     2          46         64065.1       0.0946435               1    Incremental search (ES-wcm)      
     2          50         64063.5       0.0946366               1    Successful search (ES-wcm)      
     2          51         64057.5        0.579328               1    Successful search (ES-wcm)      
     2          54         64679.3             2.7            0.25             Refine grid      Train
     2          36           64192      0.00316386               1    Successful search (ES-ell)      
     2          52         64087.3        0.801256               1         Successful poll      Train
     2          56         64679.3             2.7            0.25             Refine grid      Train
     2          56         64679.3             2.7            0.25             Refine grid      Train
     2          54         64679.3             2.7            0.25             Refine grid      Train
     2          55         64679.3             2.7            0.25             Refine grid      Train
     2          55         64679.3             2.7            0.25             Refine grid      Train
     2          55         64679.3             2.7            0.25             Refine grid      Train
     2          55         64679.3             2.7            0.25             Refine grid      Train
     2          54         64679.3             2.7            0.25             Refine grid      Train
     2          55         64679.3             2.7            0.25             Refine grid      Train
     3          56         64679.3      0.00242704            0.25    Incremental search (ES-ell)      
     3          57         64679.3      0.00375361            0.25    Incremental search (ES-wcm)      
     2          55         64679.3             2.7            0.25             Refine grid      Train
     2          55         64679.3             2.7            0.25             Refine grid      Train
     2          55         64679.3             2.7            0.25             Refine grid      Train
     3          55         64679.3      0.00287467            0.25    Incremental search (ES-wcm)      
     3          57         64679.3      0.00253129            0.25    Incremental search (ES-wcm)      
     2          53         64066.2        0.728107               1         Successful poll      Train
     2          56         64679.3             2.7            0.25             Refine grid      Train
     2          55         64679.3             2.7            0.25             Refine grid      Train
     2          36         61967.3        0.794815             0.5    Successful search (ES-wcm)      
     2          54         64679.3             2.7            0.25             Refine grid      Train
     2          55         64679.3             2.7            0.25             Refine grid      Train
     2          55         64679.3             2.7            0.25             Refine grid      Train
     3          55         64074.2        0.775716               1    Successful search (ES-wcm)      
     2          55         64679.3             2.7            0.25             Refine grid      Train
     3          57         64679.3      0.00119335            0.25    Incremental search (ES-ell)      
     3          58         64679.3      0.00230693            0.25    Incremental search (ES-wcm)      
     2          56         64679.3             2.7            0.25             Refine grid      Train
     2          56         64679.3             2.7            0.25             Refine grid      Train
     3          57         64679.3      0.00189342            0.25    Incremental search (ES-wcm)      
     3          58         64679.3      0.00297134            0.25    Incremental search (ES-wcm)      
     3          55         64679.3      0.00239544            0.25    Incremental search (ES-wcm)      
     3          57         64679.3      0.00195085            0.25    Incremental search (ES-wcm)      
     3          57         64679.3        0.555856            0.25    Incremental search (ES-ell)      
     2          56         64679.3             2.7            0.25             Refine grid      Train
     2          56         64679.3             2.7            0.25             Refine grid      Train
     3          56         64679.3      0.00231795            0.25    Incremental search (ES-ell)      
     3          57         64679.3      0.00364865            0.25    Incremental search (ES-wcm)      
     3          56         64679.3      0.00220239            0.25    Incremental search (ES-wcm)      
     3          57         64679.3      0.00346549            0.25    Incremental search (ES-wcm)      
     2          41         61800.9          0.1538             0.5    Successful search (ES-ell)      
     3          59         64679.3      0.00347396            0.25    Incremental search (ES-wcm)      
     3          60         64679.3      0.00344059            0.25    Incremental search (ES-wcm)      
     3          58         64679.3      0.00198271            0.25    Incremental search (ES-wcm)      
     2          56         64679.3      0.00104403            0.25             Refine grid      Train
     3          57         64679.3     0.000784376            0.25    Incremental search (ES-ell)      
     3          57         64679.3      0.00177072            0.25    Incremental search (ES-ell)      
     3          58         64679.3      0.00278741            0.25    Incremental search (ES-ell)      
     2          56         64679.3      0.00375512            0.25             Refine grid      Train
     3          58         64679.3      0.00443661            0.25    Incremental search (ES-wcm)      
     3          59         64679.3      0.00441774            0.25    Incremental search (ES-wcm)      
     3          56         64679.3      0.00185727            0.25    Incremental search (ES-ell)      
     3          57         64679.3      0.00238496            0.25    Incremental search (ES-ell)      
     3          56         64679.3      0.00120116            0.25    Incremental search (ES-wcm)      
     3          57         64679.3      0.00162969            0.25    Incremental search (ES-ell)      
     3          55         64052.7        0.717917               1    Successful search (ES-ell)      
     3          56         64679.3      0.00171486            0.25    Incremental search (ES-wcm)      
     3          57         64679.3      0.00252053            0.25    Incremental search (ES-wcm)      
     3          57         64679.3      0.00128902            0.25    Incremental search (ES-ell)      
     3          58         64679.3      0.00187263            0.25    Incremental search (ES-wcm)      
     3          56         64063.6        0.782769               1    Successful search (ES-wcm)      
     3          59         64061.6        0.667804               1    Successful search (ES-wcm)      
     3          56         64679.3      0.00223412            0.25    Incremental search (ES-wcm)      
     3          58         64679.3      0.00343502            0.25    Incremental search (ES-wcm)      
     3          57         64679.3      0.00219403            0.25    Incremental search (ES-wcm)      
     3          58         64679.3      0.00366964            0.25    Incremental search (ES-wcm)      
     3          59         64679.3      0.00309488            0.25    Incremental search (ES-wcm)      
     3          55         64679.3      0.00142034            0.25    Incremental search (ES-ell)      
     3          58         64679.3      0.00172853            0.25    Incremental search (ES-wcm)      
     3          61         64526.5      0.00367121            0.25    Successful search (ES-wcm)      
     3          62         64391.1      0.00340543            0.25    Successful search (ES-wcm)      
     3          58         64679.3      0.00102382            0.25    Incremental search (ES-ell)      
     3          61         64679.3      0.00121886            0.25    Incremental search (ES-wcm)      
     3          59         64679.3      0.00392068            0.25    Incremental search (ES-wcm)      
     3          61         64494.9       0.0042609            0.25    Successful search (ES-wcm)      
     3          60         64679.3      0.00196526            0.25    Incremental search (ES-ell)      
     3          60         64679.3      0.00176569            0.25    Incremental search (ES-wcm)      
     3          58         64679.3      0.00527711            0.25    Incremental search (ES-wcm)      
     3          61         64679.3      0.00488749            0.25    Incremental search (ES-wcm)      
     3          61         64679.3      0.00252946            0.25    Incremental search (ES-wcm)      
     3          63           64344      0.00311043            0.25    Successful search (ES-ell)      
     3          64         64317.6      0.00267132            0.25    Successful search (ES-ell)      
     3          62         64679.3        0.553667            0.25    Incremental search (ES-wcm)      
     3          61         64679.3      0.00206579            0.25    Incremental search (ES-ell)      
     3          62         64679.3      0.00321154            0.25    Incremental search (ES-wcm)      
     3          65         64302.6       0.0024617            0.25    Successful search (ES-ell)      
     3          66         64293.3       0.0023033            0.25    Successful search (ES-ell)      
     3          62         64355.2       0.0039357            0.25    Successful search (ES-wcm)      
     3          63           64282      0.00356725            0.25    Successful search (ES-wcm)      
     3          64         64236.9      0.00326892            0.25    Successful search (ES-wcm)      
     3          65         64207.7      0.00301032            0.25    Successful search (ES-wcm)      
     2          64         64001.8         17.9237             0.5             Refine grid      Train
     3          67         64258.9      0.00601654            0.25    Successful search (ES-ell)      
     3          66         64187.6      0.00279932            0.25    Successful search (ES-wcm)      
     3          67         64072.4      0.00692576            0.25    Successful search (ES-ell)      
     2          36         63739.7        0.783067             0.5    Successful search (ES-wcm)      
     3          70         64253.1      0.00599117            0.25    Successful search (ES-ell)      
     2          39         64218.4         2.96134               1    Successful search (ES-wcm)      
     2          40           54267         3.22413               1    Successful search (ES-wcm)      
     2          26         59093.1        0.794014               1    Successful search (ES-wcm)      
     3          71         64252.2      0.00594652            0.25    Successful search (ES-ell)      
     3          72         64242.4       0.0058478            0.25    Successful search (ES-ell)      
     2          72         64033.1         2.31942               1         Successful poll      Train
     3          58         64679.3      0.00265132            0.25    Incremental search (ES-wcm)      
     3          75         64679.3      0.00265132           0.125             Refine grid      Train
     3          59         64679.3      0.00235109            0.25    Incremental search (ES-wcm)      
     3          71         64418.2      0.00185319             0.5         Successful poll      Train
     2          73         64063.3        0.115468             0.5             Refine grid      Train
     3          75         64679.3      0.00195085           0.125             Refine grid      Train
     3          76         64679.3      0.00294006           0.125             Refine grid      Train
     3          56         64679.3      0.00201113            0.25    Incremental search (ES-wcm)      
     3          76         64679.3      0.00163031           0.125             Refine grid      Train
     3          76         64679.3      0.00346549           0.125             Refine grid      Train
     3          73         64222.1      0.00597982            0.25    Successful search (ES-ell)      
     3          75         64209.5      0.00599972            0.25    Successful search (ES-ell)      
     3          76         64679.3      0.00169262           0.125             Refine grid      Train
     3          75         64679.3     0.000886398           0.125             Refine grid      Train
     3          76         64679.3     0.000812158           0.125             Refine grid      Train
     4          77         64679.3      0.00250638           0.125    Incremental search (ES-wcm)      
     4          78         64679.3      0.00272643           0.125    Incremental search (ES-wcm)      
     3          76         64679.3      0.00309488           0.125             Refine grid      Train
     3          56         64679.3      0.00193961            0.25    Incremental search (ES-wcm)      
     3          76         64679.3      0.00193961           0.125             Refine grid      Train
     3          61         64679.3      0.00202869            0.25    Incremental search (ES-wcm)      
     3          75         64679.3      0.00202869           0.125             Refine grid      Train
     4          76         64679.3      0.00298468           0.125    Incremental search (ES-wcm)      
     4          77         64679.3      0.00238288           0.125    Incremental search (ES-wcm)      
     3          57         64679.3      0.00198486            0.25    Incremental search (ES-wcm)      
     3          77         64679.3      0.00198486           0.125             Refine grid      Train
     3          56         64679.3      0.00172901            0.25    Incremental search (ES-wcm)      
     3          76         64679.3      0.00172901           0.125             Refine grid      Train
     2          34         64634.5      0.00356614             0.5    Successful search (ES-ell)      
     2          35         58305.6      0.00402178             0.5    Successful search (ES-ell)      
     3          76         64679.3      0.00154196           0.125             Refine grid      Train
     3          77         64679.3      0.00187263           0.125             Refine grid      Train
     3          76         64679.3      0.00392526           0.125             Refine grid      Train
     3          62         64679.3      0.00358454            0.25    Incremental search (ES-ell)      
     3          76         64679.3       0.0033836           0.125             Refine grid      Train
     3          57         64679.3      0.00117657            0.25    Incremental search (ES-wcm)      
     3          77         64679.3      0.00117657           0.125             Refine grid      Train
     3          68         64064.1      0.00692579            0.25    Successful search (ES-ell)      
     3          75         64063.2      0.00682468            0.25    Successful search (ES-ell)      
     4          78         64679.3      0.00127727           0.125    Incremental search (ES-wcm)      
     4          78         64679.3      0.00155205           0.125    Incremental search (ES-ell)      
     4          76         64679.3      0.00123074           0.125    Incremental search (ES-ell)      
     4          77         64679.3      0.00125696           0.125    Incremental search (ES-wcm)      
     3          77         64679.3      0.00321154           0.125             Refine grid      Train
     4          77         64679.3      0.00257578           0.125    Incremental search (ES-wcm)      
     4          78         64679.3      0.00293428           0.125    Incremental search (ES-wcm)      
     3          78         64061.6        0.667804             0.5             Refine grid      Train
     3          79         64206.9      0.00587515            0.25    Successful search (ES-ell)      
     3          77         64679.3       0.0010152           0.125             Refine grid      Train
     4          78         64679.3      0.00110079           0.125    Incremental search (ES-wcm)      
     4          79         64679.3      0.00144135           0.125    Incremental search (ES-ell)      
     3          77         64679.3      0.00366964           0.125             Refine grid      Train
     4          77         64679.3      0.00157915           0.125    Incremental search (ES-ell)      
     4          78         64679.3      0.00206818           0.125    Incremental search (ES-wcm)      
     4          79         64679.3      0.00136798           0.125    Incremental search (ES-wcm)      
     4          81         64679.3      0.00202876           0.125    Incremental search (ES-wcm)      
     4          80         64679.3      0.00134468           0.125    Incremental search (ES-ell)      
     4          77         64679.3      0.00111418           0.125    Incremental search (ES-wcm)      
     4          78         64679.3      0.00161506           0.125    Incremental search (ES-ell)      
     4          78         64679.3      0.00150209           0.125    Incremental search (ES-ell)      
     4          79         64679.3      0.00134311           0.125    Incremental search (ES-wcm)      
     4          79         64679.3     0.000951881           0.125    Incremental search (ES-wcm)      
     4          80         64679.3        0.003549           0.125    Incremental search (ES-wcm)      
     4          79         64679.3      0.00205473           0.125    Incremental search (ES-wcm)      
     4          80         64679.3      0.00212805           0.125    Incremental search (ES-wcm)      
     4          81         64057.5          0.5589             0.5    Successful search (ES-wcm)      
     4          80         64679.3      0.00224832           0.125    Incremental search (ES-wcm)      
     4          82         64679.3      0.00312971           0.125    Incremental search (ES-wcm)      
     4          79         64679.3      0.00183987           0.125    Incremental search (ES-ell)      
     4          83         64679.3      0.00202111           0.125    Incremental search (ES-wcm)      
     3          79         64052.7        0.717917             0.5             Refine grid      Train
     3          80         64204.5      0.00573734            0.25    Successful search (ES-ell)      
     3          82         64197.1       0.0177463            0.25    Successful search (ES-ell)      
     4          83         64679.3      0.00375151           0.125    Incremental search (ES-wcm)      
     4          83         64679.3      0.00253718           0.125    Incremental search (ES-wcm)      
     3          83         64189.6       0.0177403            0.25    Successful search (ES-ell)      
     3          84         64179.4       0.0177421            0.25    Successful search (ES-ell)      
     4          80         64063.5        0.734555             0.5    Successful search (ES-wcm)      
     4          82         64063.5        0.654626             0.5    Incremental search (ES-wcm)      
     3          45         63454.8      0.00386295               1    Successful search (ES-wcm)      
     2          37         44868.8        0.977066             0.5    Successful search (ES-ell)      
     3          89         64173.2        0.017697            0.25    Successful search (ES-wcm)      
     2          39           57549         1.94235             0.5    Successful search (ES-ell)      
     4          72         59037.9      0.00179794             0.5    Successful search (ES-ell)      
     2          27         57014.3        0.757893               1    Successful search (ES-wcm)      
     3          91         64032.3         2.31459             0.5             Refine grid      Train
