ERROR: Unable to locate a modulefile for 'cuda/11.0'

                            < M A T L A B (R) >
                  Copyright 1984-2021 The MathWorks, Inc.
             R2021a Update 4 (9.10.0.1710957) 64-bit (glnxa64)
                                July 1, 2021

 
To get started, type doc.
For product information, visit www.mathworks.com.
 
sortNum1 
Hostgn-0005_88819437 
Starting parallel pool (parpool) using the 'local' profile ...
Connected to the parallel pool (number of workers: 40).
{Unrecognized function or variable 'dot_gap'.

Error in LDDM_FitBhvr7Params_QMLE_GPU (line 39)
    sgm, Tau, dur, dt, thresh, initialvals, stoprule, sims, dot_gap, sac_gap);

Error in
main_FitBhvr7Params_QMLE_svr>@(params)LDDM_FitBhvr7Params_QMLE_GPU(params,dataBhvr,10240)
(line 37)
nLLfun = @(params) LDDM_FitBhvr7Params_QMLE_GPU(params, dataBhvr, 10240);

Error in main_FitBhvr7Params_QMLE_svr (line 38)
[fvalbest,~,~] = nLLfun(x0)
} 
